2025-09-14 20:45:26.020 [info] Reading sessions from keychain...
2025-09-14 20:45:26.020 [info] Getting sessions for all scopes...
2025-09-14 20:45:26.020 [info] Got 0 sessions for ...
2025-09-14 20:45:26.020 [info] Getting sessions for all scopes...
2025-09-14 20:45:26.020 [info] Got 0 sessions for ...
2025-09-14 20:45:26.020 [info] Getting sessions for all scopes...
2025-09-14 20:45:26.020 [info] Got 0 sessions for ...
2025-09-14 20:45:26.020 [info] Getting sessions for all scopes...
2025-09-14 20:45:26.020 [info] Got 0 sessions for ...
2025-09-14 20:45:26.020 [info] Getting sessions for all scopes...
2025-09-14 20:45:26.020 [info] Got 0 sessions for ...
2025-09-14 20:45:26.020 [info] Getting sessions for all scopes...
2025-09-14 20:45:26.020 [info] Got 0 sessions for ...
2025-09-14 20:45:26.020 [info] Getting sessions for all scopes...
2025-09-14 20:45:26.020 [info] Got 0 sessions for ...
2025-09-14 20:45:26.020 [info] Getting sessions for all scopes...
2025-09-14 20:45:26.020 [info] Got 0 sessions for ...
2025-09-14 20:45:26.020 [info] Getting sessions for all scopes...
2025-09-14 20:45:26.020 [info] Got 0 sessions for ...
2025-09-14 20:45:26.020 [info] Getting sessions for all scopes...
2025-09-14 20:45:26.020 [info] Got 0 sessions for ...
2025-09-14 20:45:26.020 [info] Getting sessions for all scopes...
2025-09-14 20:45:26.020 [info] Got 0 sessions for ...
2025-09-14 20:45:26.020 [info] Getting sessions for all scopes...
2025-09-14 20:45:26.020 [info] Got 0 sessions for ...
2025-09-14 20:45:26.020 [info] Getting sessions for all scopes...
2025-09-14 20:45:26.020 [info] Got 0 sessions for ...
2025-09-14 20:45:26.020 [info] Getting sessions for all scopes...
2025-09-14 20:45:26.020 [info] Got 0 sessions for ...
2025-09-14 20:45:26.020 [info] Getting sessions for all scopes...
2025-09-14 20:45:26.020 [info] Got 0 sessions for ...
2025-09-14 20:45:26.020 [info] Getting sessions for all scopes...
2025-09-14 20:45:26.020 [info] Got 0 sessions for ...
2025-09-14 20:45:26.020 [info] Getting sessions for all scopes...
2025-09-14 20:45:26.020 [info] Got 0 sessions for ...
2025-09-14 20:45:26.020 [info] Getting sessions for all scopes...
2025-09-14 20:45:26.020 [info] Got 0 sessions for ...
2025-09-14 20:45:26.020 [info] Getting sessions for all scopes...
2025-09-14 20:45:26.020 [info] Got 0 sessions for ...
2025-09-14 20:45:31.883 [info] Getting sessions for all scopes...
2025-09-14 20:45:31.883 [info] Got 0 sessions for ...
2025-09-14 20:45:31.884 [info] Getting sessions for all scopes...
2025-09-14 20:45:31.884 [info] Got 0 sessions for ...
2025-09-14 20:45:31.896 [info] Getting sessions for user:email...
2025-09-14 20:45:31.896 [info] Got 0 sessions for user:email...
2025-09-14 20:45:31.897 [info] Getting sessions for read:user,repo,user:email,workflow...
2025-09-14 20:45:31.897 [info] Got 0 sessions for read:user,repo,user:email,workflow...
2025-09-14 20:45:31.904 [info] Getting sessions for all scopes...
2025-09-14 20:45:31.904 [info] Got 0 sessions for ...
2025-09-14 20:45:31.905 [info] Getting sessions for user:email...
2025-09-14 20:45:31.905 [info] Got 0 sessions for user:email...
2025-09-14 20:45:31.908 [info] Getting sessions for all scopes...
2025-09-14 20:45:31.908 [info] Got 0 sessions for ...
2025-09-14 20:45:31.911 [info] Getting sessions for user:email...
2025-09-14 20:45:31.911 [info] Got 0 sessions for user:email...
2025-09-14 20:45:32.619 [info] Getting sessions for all scopes...
2025-09-14 20:45:32.619 [info] Got 0 sessions for ...
2025-09-14 20:45:32.624 [info] Getting sessions for all scopes...
2025-09-14 20:45:32.624 [info] Got 0 sessions for ...
2025-09-14 20:45:32.626 [info] Getting sessions for read:user,repo,user:email,workflow...
2025-09-14 20:45:32.626 [info] Got 0 sessions for read:user,repo,user:email,workflow...
2025-09-14 20:45:32.627 [info] Getting sessions for read:user...
2025-09-14 20:45:32.627 [info] Got 0 sessions for read:user...
2025-09-14 20:45:32.628 [info] Getting sessions for user:email...
2025-09-14 20:45:32.628 [info] Got 0 sessions for user:email...
2025-09-14 20:45:33.042 [info] Getting sessions for all scopes...
2025-09-14 20:45:33.042 [info] Got 0 sessions for ...
2025-09-14 20:45:33.047 [info] Getting sessions for user:email...
2025-09-14 20:45:33.047 [info] Got 0 sessions for user:email...
2025-09-14 20:45:33.053 [info] Getting sessions for all scopes...
2025-09-14 20:45:33.053 [info] Got 0 sessions for ...
2025-09-14 20:45:33.055 [info] Getting sessions for all scopes...
2025-09-14 20:45:33.055 [info] Got 0 sessions for ...
2025-09-14 20:45:33.057 [info] Getting sessions for user:email...
2025-09-14 20:45:33.057 [info] Got 0 sessions for user:email...
2025-09-14 20:45:51.766 [info] Reading sessions from keychain...
2025-09-14 20:45:51.767 [info] Getting sessions for all scopes...
2025-09-14 20:45:51.767 [info] Got 0 sessions for ...
2025-09-14 20:45:51.767 [info] Getting sessions for all scopes...
2025-09-14 20:45:51.767 [info] Got 0 sessions for ...
2025-09-14 20:45:51.767 [info] Getting sessions for all scopes...
2025-09-14 20:45:51.767 [info] Got 0 sessions for ...
2025-09-14 20:45:51.767 [info] Getting sessions for all scopes...
2025-09-14 20:45:51.767 [info] Got 0 sessions for ...
2025-09-14 20:45:51.767 [info] Getting sessions for all scopes...
2025-09-14 20:45:51.767 [info] Got 0 sessions for ...
2025-09-14 20:45:51.767 [info] Getting sessions for all scopes...
2025-09-14 20:45:51.767 [info] Got 0 sessions for ...
2025-09-14 20:45:51.767 [info] Getting sessions for all scopes...
2025-09-14 20:45:51.767 [info] Got 0 sessions for ...
2025-09-14 20:45:51.767 [info] Getting sessions for all scopes...
2025-09-14 20:45:51.767 [info] Got 0 sessions for ...
2025-09-14 20:45:51.767 [info] Getting sessions for all scopes...
2025-09-14 20:45:51.767 [info] Got 0 sessions for ...
2025-09-14 20:45:51.767 [info] Getting sessions for all scopes...
2025-09-14 20:45:51.767 [info] Got 0 sessions for ...
2025-09-14 20:45:51.767 [info] Getting sessions for all scopes...
2025-09-14 20:45:51.767 [info] Got 0 sessions for ...
2025-09-14 20:45:51.767 [info] Getting sessions for all scopes...
2025-09-14 20:45:51.767 [info] Got 0 sessions for ...
2025-09-14 20:45:51.767 [info] Getting sessions for all scopes...
2025-09-14 20:45:51.767 [info] Got 0 sessions for ...
2025-09-14 20:45:51.767 [info] Getting sessions for all scopes...
2025-09-14 20:45:51.767 [info] Got 0 sessions for ...
2025-09-14 20:45:51.767 [info] Getting sessions for all scopes...
2025-09-14 20:45:51.767 [info] Got 0 sessions for ...
2025-09-14 20:45:51.767 [info] Getting sessions for all scopes...
2025-09-14 20:45:51.767 [info] Got 0 sessions for ...
2025-09-14 20:45:52.408 [info] Getting sessions for all scopes...
2025-09-14 20:45:52.408 [info] Got 0 sessions for ...
2025-09-14 20:45:52.408 [info] Getting sessions for all scopes...
2025-09-14 20:45:52.408 [info] Got 0 sessions for ...
2025-09-14 20:45:52.418 [info] Getting sessions for all scopes...
2025-09-14 20:45:52.418 [info] Got 0 sessions for ...
2025-09-14 20:45:59.317 [info] Getting sessions for all scopes...
2025-09-14 20:45:59.317 [info] Got 0 sessions for ...
2025-09-14 20:45:59.317 [info] Getting sessions for all scopes...
2025-09-14 20:45:59.317 [info] Got 0 sessions for ...
2025-09-14 20:45:59.841 [info] Getting sessions for all scopes...
2025-09-14 20:45:59.841 [info] Got 0 sessions for ...
2025-09-14 20:45:59.842 [info] Getting sessions for user:email...
2025-09-14 20:45:59.842 [info] Got 0 sessions for user:email...
2025-09-14 20:45:59.843 [info] Getting sessions for read:user,repo,user:email,workflow...
2025-09-14 20:45:59.843 [info] Got 0 sessions for read:user,repo,user:email,workflow...
2025-09-14 20:45:59.843 [info] Getting sessions for all scopes...
2025-09-14 20:45:59.843 [info] Got 0 sessions for ...
2025-09-14 20:45:59.843 [info] Getting sessions for read:user,repo,user:email,workflow...
2025-09-14 20:45:59.843 [info] Got 0 sessions for read:user,repo,user:email,workflow...
2025-09-14 20:45:59.844 [info] Getting sessions for all scopes...
2025-09-14 20:45:59.844 [info] Got 0 sessions for ...
2025-09-14 20:45:59.854 [info] Getting sessions for read:user...
2025-09-14 20:45:59.854 [info] Got 0 sessions for read:user...
2025-09-14 20:45:59.856 [info] Getting sessions for user:email...
2025-09-14 20:45:59.856 [info] Got 0 sessions for user:email...
2025-09-14 20:45:59.856 [info] Getting sessions for user:email...
2025-09-14 20:45:59.856 [info] Got 0 sessions for user:email...
2025-09-14 20:45:59.893 [info] Getting sessions for all scopes...
2025-09-14 20:45:59.893 [info] Got 0 sessions for ...
2025-09-14 20:45:59.977 [info] Getting sessions for user:email...
2025-09-14 20:45:59.977 [info] Got 0 sessions for user:email...
2025-09-14 20:46:08.023 [info] Reading sessions from keychain...
2025-09-14 20:46:08.023 [info] Getting sessions for all scopes...
2025-09-14 20:46:08.023 [info] Got 0 sessions for ...
2025-09-14 20:46:08.023 [info] Getting sessions for all scopes...
2025-09-14 20:46:08.023 [info] Got 0 sessions for ...
2025-09-14 20:46:08.023 [info] Getting sessions for all scopes...
2025-09-14 20:46:08.023 [info] Got 0 sessions for ...
2025-09-14 20:46:08.023 [info] Getting sessions for all scopes...
2025-09-14 20:46:08.023 [info] Got 0 sessions for ...
2025-09-14 20:46:08.023 [info] Getting sessions for all scopes...
2025-09-14 20:46:08.023 [info] Got 0 sessions for ...
2025-09-14 20:46:08.023 [info] Getting sessions for all scopes...
2025-09-14 20:46:08.023 [info] Got 0 sessions for ...
2025-09-14 20:46:08.023 [info] Getting sessions for all scopes...
2025-09-14 20:46:08.023 [info] Got 0 sessions for ...
2025-09-14 20:46:08.023 [info] Getting sessions for all scopes...
2025-09-14 20:46:08.023 [info] Got 0 sessions for ...
2025-09-14 20:46:08.023 [info] Getting sessions for all scopes...
2025-09-14 20:46:08.023 [info] Got 0 sessions for ...
2025-09-14 20:46:08.023 [info] Getting sessions for all scopes...
2025-09-14 20:46:08.023 [info] Got 0 sessions for ...
2025-09-14 20:46:08.023 [info] Getting sessions for all scopes...
2025-09-14 20:46:08.023 [info] Got 0 sessions for ...
2025-09-14 20:46:08.023 [info] Getting sessions for all scopes...
2025-09-14 20:46:08.023 [info] Got 0 sessions for ...
2025-09-14 20:46:08.023 [info] Getting sessions for all scopes...
2025-09-14 20:46:08.023 [info] Got 0 sessions for ...
2025-09-14 20:46:08.023 [info] Getting sessions for all scopes...
2025-09-14 20:46:08.023 [info] Got 0 sessions for ...
2025-09-14 20:46:08.023 [info] Getting sessions for all scopes...
2025-09-14 20:46:08.023 [info] Got 0 sessions for ...
2025-09-14 20:46:08.023 [info] Getting sessions for all scopes...
2025-09-14 20:46:08.023 [info] Got 0 sessions for ...
2025-09-14 20:46:08.023 [info] Getting sessions for all scopes...
2025-09-14 20:46:08.023 [info] Got 0 sessions for ...
2025-09-14 20:46:08.023 [info] Getting sessions for all scopes...
2025-09-14 20:46:08.023 [info] Got 0 sessions for ...
2025-09-14 20:46:08.055 [info] Getting sessions for user:email...
2025-09-14 20:46:08.055 [info] Got 0 sessions for user:email...
2025-09-14 20:46:08.055 [info] Getting sessions for read:user,repo,user:email,workflow...
2025-09-14 20:46:08.055 [info] Got 0 sessions for read:user,repo,user:email,workflow...
2025-09-14 20:46:08.090 [info] Getting sessions for all scopes...
2025-09-14 20:46:08.090 [info] Got 0 sessions for ...
2025-09-14 20:46:08.092 [info] Getting sessions for user:email...
2025-09-14 20:46:08.092 [info] Got 0 sessions for user:email...
2025-09-14 20:46:08.096 [info] Getting sessions for all scopes...
2025-09-14 20:46:08.096 [info] Got 0 sessions for ...
2025-09-14 20:46:08.098 [info] Getting sessions for user:email...
2025-09-14 20:46:08.098 [info] Got 0 sessions for user:email...
2025-09-14 20:46:08.445 [info] Getting sessions for all scopes...
2025-09-14 20:46:08.445 [info] Got 0 sessions for ...
2025-09-14 20:46:08.447 [info] Getting sessions for all scopes...
2025-09-14 20:46:08.447 [info] Got 0 sessions for ...
2025-09-14 20:46:08.456 [info] Getting sessions for all scopes...
2025-09-14 20:46:08.457 [info] Got 0 sessions for ...
2025-09-14 20:46:11.567 [info] Getting sessions for all scopes...
2025-09-14 20:46:11.568 [info] Got 0 sessions for ...
2025-09-14 20:46:11.569 [info] Getting sessions for all scopes...
2025-09-14 20:46:11.569 [info] Got 0 sessions for ...
2025-09-14 20:46:11.570 [info] Getting sessions for read:user,repo,user:email,workflow...
2025-09-14 20:46:11.570 [info] Got 0 sessions for read:user,repo,user:email,workflow...
2025-09-14 20:46:11.571 [info] Getting sessions for read:user...
2025-09-14 20:46:11.571 [info] Got 0 sessions for read:user...
2025-09-14 20:46:11.573 [info] Getting sessions for user:email...
2025-09-14 20:46:11.573 [info] Got 0 sessions for user:email...
2025-09-14 20:46:19.520 [info] Reading sessions from keychain...
2025-09-14 20:46:19.520 [info] Getting sessions for all scopes...
2025-09-14 20:46:19.520 [info] Got 0 sessions for ...
2025-09-14 20:46:19.520 [info] Getting sessions for all scopes...
2025-09-14 20:46:19.520 [info] Got 0 sessions for ...
2025-09-14 20:46:19.520 [info] Getting sessions for all scopes...
2025-09-14 20:46:19.520 [info] Got 0 sessions for ...
2025-09-14 20:46:19.520 [info] Getting sessions for all scopes...
2025-09-14 20:46:19.520 [info] Got 0 sessions for ...
2025-09-14 20:46:19.520 [info] Getting sessions for all scopes...
2025-09-14 20:46:19.520 [info] Got 0 sessions for ...
2025-09-14 20:46:19.520 [info] Getting sessions for all scopes...
2025-09-14 20:46:19.520 [info] Got 0 sessions for ...
2025-09-14 20:46:19.520 [info] Getting sessions for all scopes...
2025-09-14 20:46:19.520 [info] Got 0 sessions for ...
2025-09-14 20:46:19.520 [info] Getting sessions for all scopes...
2025-09-14 20:46:19.520 [info] Got 0 sessions for ...
2025-09-14 20:46:19.520 [info] Getting sessions for all scopes...
2025-09-14 20:46:19.520 [info] Got 0 sessions for ...
2025-09-14 20:46:19.520 [info] Getting sessions for all scopes...
2025-09-14 20:46:19.520 [info] Got 0 sessions for ...
2025-09-14 20:46:19.520 [info] Getting sessions for all scopes...
2025-09-14 20:46:19.520 [info] Got 0 sessions for ...
2025-09-14 20:46:19.520 [info] Getting sessions for all scopes...
2025-09-14 20:46:19.520 [info] Got 0 sessions for ...
2025-09-14 20:46:19.520 [info] Getting sessions for all scopes...
2025-09-14 20:46:19.520 [info] Got 0 sessions for ...
2025-09-14 20:46:19.520 [info] Getting sessions for all scopes...
2025-09-14 20:46:19.520 [info] Got 0 sessions for ...
2025-09-14 20:46:19.520 [info] Getting sessions for all scopes...
2025-09-14 20:46:19.520 [info] Got 0 sessions for ...
2025-09-14 20:46:19.520 [info] Getting sessions for all scopes...
2025-09-14 20:46:19.520 [info] Got 0 sessions for ...
2025-09-14 20:46:19.520 [info] Getting sessions for all scopes...
2025-09-14 20:46:19.520 [info] Got 0 sessions for ...
2025-09-14 20:46:19.520 [info] Getting sessions for all scopes...
2025-09-14 20:46:19.520 [info] Got 0 sessions for ...
2025-09-14 20:46:19.520 [info] Getting sessions for all scopes...
2025-09-14 20:46:19.520 [info] Got 0 sessions for ...
2025-09-14 20:46:19.520 [info] Getting sessions for all scopes...
2025-09-14 20:46:19.520 [info] Got 0 sessions for ...
2025-09-14 20:46:19.576 [info] Getting sessions for user:email...
2025-09-14 20:46:19.576 [info] Got 0 sessions for user:email...
2025-09-14 20:46:19.586 [info] Getting sessions for read:user,repo,user:email,workflow...
2025-09-14 20:46:19.586 [info] Got 0 sessions for read:user,repo,user:email,workflow...
2025-09-14 20:46:19.630 [info] Getting sessions for all scopes...
2025-09-14 20:46:19.630 [info] Got 0 sessions for ...
2025-09-14 20:46:19.646 [info] Getting sessions for user:email...
2025-09-14 20:46:19.646 [info] Got 0 sessions for user:email...
2025-09-14 20:46:19.654 [info] Getting sessions for all scopes...
2025-09-14 20:46:19.654 [info] Got 0 sessions for ...
2025-09-14 20:46:19.662 [info] Getting sessions for user:email...
2025-09-14 20:46:19.662 [info] Got 0 sessions for user:email...
2025-09-14 20:46:22.926 [info] Reading sessions from keychain...
2025-09-14 20:46:22.926 [info] Getting sessions for all scopes...
2025-09-14 20:46:22.926 [info] Got 0 sessions for ...
2025-09-14 20:46:22.926 [info] Getting sessions for all scopes...
2025-09-14 20:46:22.926 [info] Got 0 sessions for ...
2025-09-14 20:46:22.926 [info] Getting sessions for all scopes...
2025-09-14 20:46:22.926 [info] Got 0 sessions for ...
2025-09-14 20:46:22.926 [info] Getting sessions for all scopes...
2025-09-14 20:46:22.926 [info] Got 0 sessions for ...
2025-09-14 20:46:22.926 [info] Getting sessions for all scopes...
2025-09-14 20:46:22.926 [info] Got 0 sessions for ...
2025-09-14 20:46:22.926 [info] Getting sessions for all scopes...
2025-09-14 20:46:22.926 [info] Got 0 sessions for ...
2025-09-14 20:46:22.926 [info] Getting sessions for all scopes...
2025-09-14 20:46:22.926 [info] Got 0 sessions for ...
2025-09-14 20:46:22.926 [info] Getting sessions for all scopes...
2025-09-14 20:46:22.926 [info] Got 0 sessions for ...
2025-09-14 20:46:22.926 [info] Getting sessions for all scopes...
2025-09-14 20:46:22.926 [info] Got 0 sessions for ...
2025-09-14 20:46:22.926 [info] Getting sessions for all scopes...
2025-09-14 20:46:22.926 [info] Got 0 sessions for ...
2025-09-14 20:46:22.926 [info] Getting sessions for all scopes...
2025-09-14 20:46:22.926 [info] Got 0 sessions for ...
2025-09-14 20:46:22.926 [info] Getting sessions for all scopes...
2025-09-14 20:46:22.926 [info] Got 0 sessions for ...
2025-09-14 20:46:22.926 [info] Getting sessions for all scopes...
2025-09-14 20:46:22.926 [info] Got 0 sessions for ...
2025-09-14 20:46:22.926 [info] Getting sessions for all scopes...
2025-09-14 20:46:22.926 [info] Got 0 sessions for ...
2025-09-14 20:46:22.926 [info] Getting sessions for all scopes...
2025-09-14 20:46:22.926 [info] Got 0 sessions for ...
2025-09-14 20:46:22.926 [info] Getting sessions for all scopes...
2025-09-14 20:46:22.926 [info] Got 0 sessions for ...
2025-09-14 20:46:22.926 [info] Getting sessions for all scopes...
2025-09-14 20:46:22.926 [info] Got 0 sessions for ...
2025-09-14 20:46:22.926 [info] Getting sessions for all scopes...
2025-09-14 20:46:22.926 [info] Got 0 sessions for ...
2025-09-14 20:46:22.985 [info] Getting sessions for user:email...
2025-09-14 20:46:22.985 [info] Got 0 sessions for user:email...
2025-09-14 20:46:22.986 [info] Getting sessions for read:user,repo,user:email,workflow...
2025-09-14 20:46:22.986 [info] Got 0 sessions for read:user,repo,user:email,workflow...
2025-09-14 20:46:22.996 [info] Getting sessions for all scopes...
2025-09-14 20:46:22.996 [info] Got 0 sessions for ...
2025-09-14 20:46:22.997 [info] Getting sessions for user:email...
2025-09-14 20:46:22.997 [info] Got 0 sessions for user:email...
2025-09-14 20:46:23.007 [info] Getting sessions for all scopes...
2025-09-14 20:46:23.007 [info] Got 0 sessions for ...
2025-09-14 20:46:23.010 [info] Getting sessions for user:email...
2025-09-14 20:46:23.010 [info] Got 0 sessions for user:email...
2025-09-14 20:46:25.995 [info] Getting sessions for all scopes...
2025-09-14 20:46:25.996 [info] Got 0 sessions for ...
2025-09-14 20:46:25.996 [info] Getting sessions for all scopes...
2025-09-14 20:46:25.996 [info] Got 0 sessions for ...
2025-09-14 20:46:25.996 [info] Getting sessions for all scopes...
2025-09-14 20:46:25.996 [info] Got 0 sessions for ...
2025-09-14 20:46:26.635 [info] Getting sessions for all scopes...
2025-09-14 20:46:26.635 [info] Got 0 sessions for ...
2025-09-14 20:46:26.637 [info] Getting sessions for all scopes...
2025-09-14 20:46:26.637 [info] Got 0 sessions for ...
2025-09-14 20:46:26.637 [info] Getting sessions for read:user,repo,user:email,workflow...
2025-09-14 20:46:26.637 [info] Got 0 sessions for read:user,repo,user:email,workflow...
2025-09-14 20:46:26.638 [info] Getting sessions for read:user...
2025-09-14 20:46:26.638 [info] Got 0 sessions for read:user...
2025-09-14 20:46:26.639 [info] Getting sessions for user:email...
2025-09-14 20:46:26.639 [info] Got 0 sessions for user:email...
2025-09-14 20:46:35.001 [info] Reading sessions from keychain...
2025-09-14 20:46:35.001 [info] Getting sessions for all scopes...
2025-09-14 20:46:35.001 [info] Got 0 sessions for ...
2025-09-14 20:46:35.001 [info] Getting sessions for all scopes...
2025-09-14 20:46:35.001 [info] Got 0 sessions for ...
2025-09-14 20:46:35.001 [info] Getting sessions for all scopes...
2025-09-14 20:46:35.001 [info] Got 0 sessions for ...
2025-09-14 20:46:35.001 [info] Getting sessions for all scopes...
2025-09-14 20:46:35.001 [info] Got 0 sessions for ...
2025-09-14 20:46:35.001 [info] Getting sessions for all scopes...
2025-09-14 20:46:35.001 [info] Got 0 sessions for ...
2025-09-14 20:46:35.001 [info] Getting sessions for all scopes...
2025-09-14 20:46:35.001 [info] Got 0 sessions for ...
2025-09-14 20:46:35.001 [info] Getting sessions for all scopes...
2025-09-14 20:46:35.001 [info] Got 0 sessions for ...
2025-09-14 20:46:35.001 [info] Getting sessions for all scopes...
2025-09-14 20:46:35.001 [info] Got 0 sessions for ...
2025-09-14 20:46:35.001 [info] Getting sessions for all scopes...
2025-09-14 20:46:35.001 [info] Got 0 sessions for ...
2025-09-14 20:46:35.001 [info] Getting sessions for all scopes...
2025-09-14 20:46:35.001 [info] Got 0 sessions for ...
2025-09-14 20:46:35.001 [info] Getting sessions for all scopes...
2025-09-14 20:46:35.001 [info] Got 0 sessions for ...
2025-09-14 20:46:35.001 [info] Getting sessions for all scopes...
2025-09-14 20:46:35.001 [info] Got 0 sessions for ...
2025-09-14 20:46:35.001 [info] Getting sessions for all scopes...
2025-09-14 20:46:35.001 [info] Got 0 sessions for ...
2025-09-14 20:46:35.001 [info] Getting sessions for all scopes...
2025-09-14 20:46:35.001 [info] Got 0 sessions for ...
2025-09-14 20:46:35.001 [info] Getting sessions for all scopes...
2025-09-14 20:46:35.001 [info] Got 0 sessions for ...
2025-09-14 20:46:35.001 [info] Getting sessions for all scopes...
2025-09-14 20:46:35.001 [info] Got 0 sessions for ...
2025-09-14 20:46:35.001 [info] Getting sessions for all scopes...
2025-09-14 20:46:35.001 [info] Got 0 sessions for ...
2025-09-14 20:46:35.001 [info] Getting sessions for all scopes...
2025-09-14 20:46:35.001 [info] Got 0 sessions for ...
2025-09-14 20:46:35.168 [info] Getting sessions for user:email...
2025-09-14 20:46:35.168 [info] Got 0 sessions for user:email...
2025-09-14 20:46:35.169 [info] Getting sessions for read:user,repo,user:email,workflow...
2025-09-14 20:46:35.169 [info] Got 0 sessions for read:user,repo,user:email,workflow...
2025-09-14 20:46:35.190 [info] Getting sessions for all scopes...
2025-09-14 20:46:35.191 [info] Got 0 sessions for ...
2025-09-14 20:46:35.193 [info] Getting sessions for user:email...
2025-09-14 20:46:35.193 [info] Got 0 sessions for user:email...
2025-09-14 20:46:35.197 [info] Getting sessions for all scopes...
2025-09-14 20:46:35.197 [info] Got 0 sessions for ...
2025-09-14 20:46:35.200 [info] Getting sessions for user:email...
2025-09-14 20:46:35.200 [info] Got 0 sessions for user:email...
2025-09-14 20:46:35.866 [info] Getting sessions for all scopes...
2025-09-14 20:46:35.866 [info] Got 0 sessions for ...
2025-09-14 20:46:35.873 [info] Getting sessions for all scopes...
2025-09-14 20:46:35.873 [info] Got 0 sessions for ...
2025-09-14 20:46:35.880 [info] Getting sessions for all scopes...
2025-09-14 20:46:35.880 [info] Got 0 sessions for ...
2025-09-14 20:46:41.217 [info] Getting sessions for all scopes...
2025-09-14 20:46:41.217 [info] Got 0 sessions for ...
2025-09-14 20:46:41.334 [info] Getting sessions for all scopes...
2025-09-14 20:46:41.334 [info] Got 0 sessions for ...
2025-09-14 20:46:41.335 [info] Getting sessions for read:user,repo,user:email,workflow...
2025-09-14 20:46:41.335 [info] Got 0 sessions for read:user,repo,user:email,workflow...
2025-09-14 20:46:41.335 [info] Getting sessions for all scopes...
2025-09-14 20:46:41.335 [info] Got 0 sessions for ...
2025-09-14 20:46:41.386 [info] Getting sessions for read:user,repo,user:email,workflow...
2025-09-14 20:46:41.386 [info] Got 0 sessions for read:user,repo,user:email,workflow...
2025-09-14 20:46:41.419 [info] Getting sessions for read:user...
2025-09-14 20:46:41.419 [info] Got 0 sessions for read:user...
2025-09-14 20:46:41.420 [info] Getting sessions for user:email...
2025-09-14 20:46:41.420 [info] Got 0 sessions for user:email...
2025-09-14 20:46:41.706 [info] Getting sessions for user:email...
2025-09-14 20:46:41.706 [info] Got 0 sessions for user:email...
2025-09-14 20:46:41.706 [info] Getting sessions for all scopes...
2025-09-14 20:46:41.706 [info] Got 0 sessions for ...
2025-09-14 20:46:41.706 [info] Getting sessions for all scopes...
2025-09-14 20:46:41.706 [info] Got 0 sessions for ...
2025-09-14 20:46:41.794 [info] Getting sessions for user:email...
2025-09-14 20:46:41.794 [info] Got 0 sessions for user:email...
