2025-09-14 20:45:26.025 [info] [main] Log level: Info
2025-09-14 20:45:26.025 [info] [main] Validating found git in: "git"
2025-09-14 20:45:26.208 [info] [main] Using git "2.43.0" from "git"
2025-09-14 20:45:26.208 [info] [Model][doInitialScan] Initial repository scan started
2025-09-14 20:45:26.219 [info] [Model][doInitialScan] Initial repository scan completed - repositories (0), closed repositories (0), parent repositories (0), unsafe repositories (0)
2025-09-14 20:45:59.357 [info] [main] Log level: Info
2025-09-14 20:45:59.357 [info] [main] Validating found git in: "git"
2025-09-14 20:45:59.357 [info] [main] Using git "2.43.0" from "git"
2025-09-14 20:45:59.357 [info] [Model][doInitialScan] Initial repository scan started
2025-09-14 20:45:59.357 [info] > git rev-parse --show-toplevel [434ms]
2025-09-14 20:45:59.357 [info] fatal: not a git repository (or any of the parent directories): .git
2025-09-14 20:45:59.867 [info] > git rev-parse --show-toplevel [13ms]
2025-09-14 20:45:59.867 [info] fatal: not a git repository (or any of the parent directories): .git
2025-09-14 20:45:59.895 [info] > git rev-parse --show-toplevel [8ms]
2025-09-14 20:45:59.895 [info] fatal: not a git repository (or any of the parent directories): .git
2025-09-14 20:45:59.977 [info] > git rev-parse --show-toplevel [72ms]
2025-09-14 20:45:59.977 [info] fatal: not a git repository (or any of the parent directories): .git
2025-09-14 20:45:59.990 [info] > git rev-parse --show-toplevel [5ms]
2025-09-14 20:45:59.990 [info] fatal: not a git repository (or any of the parent directories): .git
2025-09-14 20:45:59.999 [info] > git rev-parse --show-toplevel [2ms]
2025-09-14 20:45:59.999 [info] fatal: not a git repository (or any of the parent directories): .git
2025-09-14 20:46:00.010 [info] > git rev-parse --show-toplevel [1ms]
2025-09-14 20:46:00.010 [info] fatal: not a git repository (or any of the parent directories): .git
2025-09-14 20:46:00.025 [info] > git rev-parse --show-toplevel [2ms]
2025-09-14 20:46:00.025 [info] fatal: not a git repository (or any of the parent directories): .git
2025-09-14 20:46:00.036 [info] > git rev-parse --show-toplevel [2ms]
2025-09-14 20:46:00.036 [info] fatal: not a git repository (or any of the parent directories): .git
2025-09-14 20:46:00.048 [info] > git rev-parse --show-toplevel [3ms]
2025-09-14 20:46:00.048 [info] fatal: not a git repository (or any of the parent directories): .git
2025-09-14 20:46:00.060 [info] > git rev-parse --show-toplevel [3ms]
2025-09-14 20:46:00.060 [info] fatal: not a git repository (or any of the parent directories): .git
2025-09-14 20:46:00.069 [info] > git rev-parse --show-toplevel [1ms]
2025-09-14 20:46:00.069 [info] fatal: not a git repository (or any of the parent directories): .git
2025-09-14 20:46:00.079 [info] > git rev-parse --show-toplevel [1ms]
2025-09-14 20:46:00.079 [info] fatal: not a git repository (or any of the parent directories): .git
2025-09-14 20:46:00.089 [info] > git rev-parse --show-toplevel [2ms]
2025-09-14 20:46:00.089 [info] fatal: not a git repository (or any of the parent directories): .git
2025-09-14 20:46:00.100 [info] > git rev-parse --show-toplevel [2ms]
2025-09-14 20:46:00.100 [info] fatal: not a git repository (or any of the parent directories): .git
2025-09-14 20:46:00.103 [info] [Model][doInitialScan] Initial repository scan completed - repositories (0), closed repositories (0), parent repositories (0), unsafe repositories (0)
2025-09-14 20:46:08.089 [info] [main] Log level: Info
2025-09-14 20:46:08.089 [info] [main] Validating found git in: "git"
2025-09-14 20:46:08.089 [info] [main] Using git "2.43.0" from "git"
2025-09-14 20:46:08.089 [info] [Model][doInitialScan] Initial repository scan started
2025-09-14 20:46:08.089 [info] [Model][doInitialScan] Initial repository scan completed - repositories (0), closed repositories (0), parent repositories (0), unsafe repositories (0)
2025-09-14 20:46:19.596 [info] [main] Log level: Info
2025-09-14 20:46:19.596 [info] [main] Validating found git in: "git"
2025-09-14 20:46:19.596 [info] [main] Using git "2.43.0" from "git"
2025-09-14 20:46:19.596 [info] [Model][doInitialScan] Initial repository scan started
2025-09-14 20:46:19.596 [info] > git rev-parse --show-toplevel [7ms]
2025-09-14 20:46:19.596 [info] fatal: not a git repository (or any of the parent directories): .git
2025-09-14 20:46:19.616 [info] > git rev-parse --show-toplevel [3ms]
2025-09-14 20:46:19.616 [info] fatal: not a git repository (or any of the parent directories): .git
2025-09-14 20:46:19.629 [info] > git rev-parse --show-toplevel [2ms]
2025-09-14 20:46:19.629 [info] fatal: not a git repository (or any of the parent directories): .git
2025-09-14 20:46:19.638 [info] > git rev-parse --show-toplevel [2ms]
2025-09-14 20:46:19.638 [info] fatal: not a git repository (or any of the parent directories): .git
2025-09-14 20:46:19.648 [info] > git rev-parse --show-toplevel [3ms]
2025-09-14 20:46:19.648 [info] fatal: not a git repository (or any of the parent directories): .git
2025-09-14 20:46:19.655 [info] > git rev-parse --show-toplevel [2ms]
2025-09-14 20:46:19.655 [info] fatal: not a git repository (or any of the parent directories): .git
2025-09-14 20:46:19.663 [info] > git rev-parse --show-toplevel [3ms]
2025-09-14 20:46:19.663 [info] fatal: not a git repository (or any of the parent directories): .git
2025-09-14 20:46:19.679 [info] > git rev-parse --show-toplevel [10ms]
2025-09-14 20:46:19.679 [info] fatal: not a git repository (or any of the parent directories): .git
2025-09-14 20:46:19.691 [info] > git rev-parse --show-toplevel [3ms]
2025-09-14 20:46:19.691 [info] fatal: not a git repository (or any of the parent directories): .git
2025-09-14 20:46:19.754 [info] > git rev-parse --show-toplevel [55ms]
2025-09-14 20:46:19.754 [info] fatal: not a git repository (or any of the parent directories): .git
2025-09-14 20:46:22.592 [info] > git rev-parse --show-toplevel [2833ms]
2025-09-14 20:46:22.592 [info] fatal: not a git repository (or any of the parent directories): .git
2025-09-14 20:46:22.994 [info] [main] Log level: Info
2025-09-14 20:46:22.994 [info] [main] Validating found git in: "git"
2025-09-14 20:46:22.994 [info] [main] Using git "2.43.0" from "git"
2025-09-14 20:46:22.994 [info] [Model][doInitialScan] Initial repository scan started
2025-09-14 20:46:22.994 [info] [Model][doInitialScan] Initial repository scan completed - repositories (0), closed repositories (0), parent repositories (0), unsafe repositories (0)
2025-09-14 20:46:35.189 [info] [main] Log level: Info
2025-09-14 20:46:35.189 [info] [main] Validating found git in: "git"
2025-09-14 20:46:35.189 [info] [main] Using git "2.43.0" from "git"
2025-09-14 20:46:35.189 [info] [Model][doInitialScan] Initial repository scan started
2025-09-14 20:46:35.260 [info] > git rev-parse --show-toplevel [93ms]
2025-09-14 20:46:35.469 [info] > git rev-parse --git-dir --git-common-dir --show-superproject-working-tree [200ms]
2025-09-14 20:46:35.563 [info] [Model][openRepository] Opened repository (path): /home/lucio/angular2_curso/museu
2025-09-14 20:46:35.563 [info] [Model][openRepository] Opened repository (real path): /home/lucio/angular2_curso/museu
2025-09-14 20:46:35.563 [info] [Model][openRepository] Opened repository (kind): repository
2025-09-14 20:46:35.640 [info] > git rev-parse --show-toplevel [31ms]
2025-09-14 20:46:35.642 [info] > git config --get commit.template [47ms]
2025-09-14 20:46:35.948 [info] > git rev-parse --show-toplevel [124ms]
2025-09-14 20:46:36.010 [info] > git rev-parse --show-toplevel [18ms]
2025-09-14 20:46:36.011 [info] > git for-each-ref --format=%(refname)%00%(upstream:short)%00%(objectname)%00%(upstream:track)%00%(upstream:remotename)%00%(upstream:remoteref) refs/heads/main refs/remotes/main [98ms]
2025-09-14 20:46:36.055 [info] > git rev-parse --show-toplevel [20ms]
2025-09-14 20:46:36.185 [info] > git rev-parse --show-toplevel [89ms]
2025-09-14 20:46:36.230 [info] > git status -z -uall [73ms]
2025-09-14 20:46:36.231 [info] > git check-ignore -v -z --stdin [22ms]
2025-09-14 20:46:36.234 [info] > git for-each-ref --sort -committerdate --format %(refname)%00%(objectname)%00%(*objectname) [52ms]
2025-09-14 20:46:36.240 [info] > git rev-parse --show-toplevel [12ms]
2025-09-14 20:46:36.314 [info] > git rev-parse --show-toplevel [16ms]
2025-09-14 20:46:36.314 [info] > git for-each-ref --format=%(refname)%00%(upstream:short)%00%(objectname)%00%(upstream:track)%00%(upstream:remotename)%00%(upstream:remoteref) refs/heads/main refs/remotes/main [32ms]
2025-09-14 20:46:36.451 [info] > git rev-parse --show-toplevel [104ms]
2025-09-14 20:46:36.455 [info] > git config --get --local branch.main.vscode-merge-base [116ms]
2025-09-14 20:46:36.455 [warning] [Git][config] git config failed: Failed to execute git
2025-09-14 20:46:39.851 [info] > git reflog main --grep-reflog=branch: Created from *. [3384ms]
2025-09-14 20:46:39.924 [info] > git symbolic-ref --short refs/remotes/origin/HEAD [68ms]
2025-09-14 20:46:39.924 [info] fatal: ref refs/remotes/origin/HEAD is not a symbolic ref
2025-09-14 20:46:39.924 [warning] [Repository][getDefaultBranch] Failed to get default branch details: Failed to execute git.
2025-09-14 20:46:39.932 [info] > git rev-parse --show-toplevel [86ms]
2025-09-14 20:46:39.932 [info] > git config --get commit.template [92ms]
2025-09-14 20:46:40.301 [info] > git merge-base refs/heads/main refs/remotes/origin/main [370ms]
2025-09-14 20:46:40.317 [info] > git rev-parse --show-toplevel [369ms]
2025-09-14 20:46:40.752 [info] > git for-each-ref --format=%(refname)%00%(upstream:short)%00%(objectname)%00%(upstream:track)%00%(upstream:remotename)%00%(upstream:remoteref) refs/heads/main refs/remotes/main [437ms]
2025-09-14 20:46:40.753 [info] > git diff --name-status -z --diff-filter=ADMR c9d79a70a07d13b9f854a7f9456fbdcb5ab7cdda...refs/remotes/origin/main [445ms]
2025-09-14 20:46:40.767 [info] > git rev-parse --show-toplevel [26ms]
2025-09-14 20:46:41.166 [info] > git check-ignore -v -z --stdin [403ms]
2025-09-14 20:46:41.214 [info] > git rev-parse --show-toplevel [49ms]
2025-09-14 20:46:41.298 [info] > git status -z -uall [68ms]
2025-09-14 20:46:41.298 [info] > git for-each-ref --sort -committerdate --format %(refname)%00%(objectname)%00%(*objectname) [42ms]
2025-09-14 20:46:41.309 [info] > git rev-parse --show-toplevel [13ms]
2025-09-14 20:46:41.364 [info] > git rev-parse --show-toplevel [30ms]
2025-09-14 20:46:41.388 [info] > git rev-parse --show-toplevel [3ms]
2025-09-14 20:46:41.420 [info] > git rev-parse --show-toplevel [21ms]
2025-09-14 20:46:41.432 [info] > git rev-parse --show-toplevel [2ms]
2025-09-14 20:46:41.449 [info] > git rev-parse --show-toplevel [7ms]
2025-09-14 20:46:41.473 [info] > git rev-parse --show-toplevel [15ms]
2025-09-14 20:46:41.733 [info] > git rev-parse --show-toplevel [13ms]
2025-09-14 20:46:41.792 [info] > git rev-parse --show-toplevel [44ms]
2025-09-14 20:46:41.968 [info] > git rev-parse --show-toplevel [131ms]
2025-09-14 20:46:42.005 [info] > git rev-parse --show-toplevel [6ms]
2025-09-14 20:46:42.010 [info] [Model][doInitialScan] Initial repository scan completed - repositories (1), closed repositories (0), parent repositories (0), unsafe repositories (0)
2025-09-14 20:46:44.104 [info] > git config --get commit.template [12ms]
2025-09-14 20:46:44.105 [info] > git for-each-ref --format=%(refname)%00%(upstream:short)%00%(objectname)%00%(upstream:track)%00%(upstream:remotename)%00%(upstream:remoteref) refs/heads/main refs/remotes/main [2ms]
2025-09-14 20:46:44.125 [info] > git status -z -uall [11ms]
2025-09-14 20:46:44.126 [info] > git for-each-ref --sort -committerdate --format %(refname)%00%(objectname)%00%(*objectname) [2ms]
2025-09-14 20:46:58.631 [info] > git config --get commit.template [24ms]
2025-09-14 20:46:58.633 [info] > git for-each-ref --format=%(refname)%00%(upstream:short)%00%(objectname)%00%(upstream:track)%00%(upstream:remotename)%00%(upstream:remoteref) refs/heads/main refs/remotes/main [3ms]
2025-09-14 20:46:58.669 [info] > git status -z -uall [19ms]
2025-09-14 20:46:58.671 [info] > git for-each-ref --sort -committerdate --format %(refname)%00%(objectname)%00%(*objectname) [4ms]
2025-09-14 20:47:17.930 [info] > git check-ignore -v -z --stdin [2ms]
2025-09-14 20:47:27.239 [info] > git config --get commit.template [3ms]
2025-09-14 20:47:27.254 [info] > git for-each-ref --format=%(refname)%00%(upstream:short)%00%(objectname)%00%(upstream:track)%00%(upstream:remotename)%00%(upstream:remoteref) refs/heads/main refs/remotes/main [3ms]
2025-09-14 20:47:27.292 [info] > git status -z -uall [24ms]
2025-09-14 20:47:27.292 [info] > git for-each-ref --sort -committerdate --format %(refname)%00%(objectname)%00%(*objectname) [4ms]
